<?xml version="1.0" encoding="UTF-8"?>
<testng-results ignored="0" total="1" passed="1" failed="0" skipped="0">
  <reporter-output>
  </reporter-output>
  <suite started-at="2023-06-22T06:02:01 IST" name="Default suite" finished-at="2023-06-22T06:02:14 IST" duration-ms="12460">
    <groups>
    </groups>
    <test started-at="2023-06-22T06:02:01 IST" name="Default test" finished-at="2023-06-22T06:02:14 IST" duration-ms="12460">
      <class name="SeleniumConcepts.ExtentReportsDemo.ExtentReportsHandsOn">
        <test-method is-config="true" signature="config()[pri:0, instance:SeleniumConcepts.ExtentReportsDemo.ExtentReportsHandsOn@51c668e3]" started-at="2023-06-22T06:02:01 IST" name="config" finished-at="2023-06-22T06:02:02 IST" duration-ms="600" status="PASS">
          <reporter-output>
          </reporter-output>
        </test-method> <!-- config -->
        <test-method signature="initialTest()[pri:0, instance:SeleniumConcepts.ExtentReportsDemo.ExtentReportsHandsOn@51c668e3]" started-at="2023-06-22T06:02:02 IST" name="initialTest" finished-at="2023-06-22T06:02:14 IST" duration-ms="11799" status="PASS">
          <reporter-output>
          </reporter-output>
        </test-method> <!-- initialTest -->
      </class> <!-- SeleniumConcepts.ExtentReportsDemo.ExtentReportsHandsOn -->
    </test> <!-- Default test -->
  </suite> <!-- Default suite -->
</testng-results>
